<?xml version="1.0" encoding="UTF-8"?>
<testng-results ignored="0" total="1" passed="1" failed="0" skipped="0">
  <reporter-output>
  </reporter-output>
  <suite started-at="2022-09-26T21:54:08 EET" name="Default suite" finished-at="2022-09-26T21:54:42 EET" duration-ms="33389">
    <groups>
    </groups>
    <test started-at="2022-09-26T21:54:08 EET" name="Default test" finished-at="2022-09-26T21:54:42 EET" duration-ms="33389">
      <class name="findingelements.DoubleClick">
        <test-method is-config="true" signature="openURL()[pri:0, instance:findingelements.DoubleClick@2d52216b]" started-at="2022-09-26T21:54:08 EET" name="openURL" finished-at="2022-09-26T21:54:37 EET" duration-ms="28772" status="PASS">
          <reporter-output>
          </reporter-output>
        </test-method> <!-- openURL -->
        <test-method signature="DoubleClickk()[pri:0, instance:findingelements.DoubleClick@2d52216b]" started-at="2022-09-26T21:54:37 EET" name="DoubleClickk" finished-at="2022-09-26T21:54:41 EET" duration-ms="4202" status="PASS">
          <reporter-output>
          </reporter-output>
        </test-method> <!-- DoubleClickk -->
        <test-method is-config="true" signature="afterTest()[pri:0, instance:findingelements.DoubleClick@2d52216b]" started-at="2022-09-26T21:54:41 EET" name="afterTest" finished-at="2022-09-26T21:54:42 EET" duration-ms="380" status="PASS">
          <reporter-output>
          </reporter-output>
        </test-method> <!-- afterTest -->
      </class> <!-- findingelements.DoubleClick -->
    </test> <!-- Default test -->
  </suite> <!-- Default suite -->
</testng-results>
